<?xml version="1.0" encoding="UTF-8"?>
<!-- Generated by org.testng.reporters.JUnitReportReporter -->
<testsuite hostname="DESKTOP-PA5U02U" failures="0" tests="2" name="com.tests.LandingPageTests" time="45.876" errors="0" timestamp="2022-06-29T17:33:25 IST" skipped="0">
  <testcase classname="com.tests.LandingPageTests" name="ValidateUserFillsLandingPageForm" time="25.929"/>
  <system-out/>
  <testcase classname="com.tests.LandingPageTests" name="ValidateErrorMsgIfNameFieldIsNotEntered" time="19.947"/>
  <system-out/>
</testsuite> <!-- com.tests.LandingPageTests -->
