<?xml version="1.0" encoding="UTF-8"?>
<!-- Generated by org.testng.reporters.JUnitReportReporter -->
<testsuite hostname="DESKTOP-PA5U02U" failures="0" tests="2" name="com.tests.ProductPageTests" time="106.134" errors="0" timestamp="2022-06-29T17:33:25 IST" skipped="0">
  <testcase classname="com.tests.ProductPageTests" name="validateProductsAreAddedToCart" time="52.650"/>
  <system-out/>
  <testcase classname="com.tests.ProductPageTests" name="validateUserNavigatesToCartPageSuccessfully" time="53.484"/>
  <system-out/>
</testsuite> <!-- com.tests.ProductPageTests -->
